{"level":"\u001b[32minfo\u001b[39m","message":"{\"method\":\"POST\",\"url\":\"/teas\",\"status\":\"201\",\"responseTime\":\"1.822\"}","timestamp":"2025-01-20T10:05:54.494Z"}
{"level":"\u001b[32minfo\u001b[39m","message":"{\"method\":\"POST\",\"url\":\"/teas\",\"status\":\"201\",\"responseTime\":\"0.341\"}","timestamp":"2025-01-20T10:05:55.718Z"}
{"level":"\u001b[32minfo\u001b[39m","message":"{\"method\":\"GET\",\"url\":\"/teas\",\"status\":\"200\",\"responseTime\":\"0.460\"}","timestamp":"2025-01-20T10:07:08.085Z"}
{"level":"\u001b[32minfo\u001b[39m","message":"{\"method\":\"PUT\",\"url\":\"/teas/1\",\"status\":\"200\",\"responseTime\":\"0.516\"}","timestamp":"2025-01-20T10:07:35.521Z"}
{"level":"\u001b[32minfo\u001b[39m","message":"{\"method\":\"GET\",\"url\":\"/teas/1\",\"status\":\"404\",\"responseTime\":\"1.270\"}","timestamp":"2025-01-20T10:07:52.489Z"}
{"level":"\u001b[32minfo\u001b[39m","message":"{\"method\":\"GET\",\"url\":\"/teas/1\",\"status\":\"404\",\"responseTime\":\"1.898\"}","timestamp":"2025-01-20T10:26:09.292Z"}
{"level":"\u001b[32minfo\u001b[39m","message":"{\"method\":\"POST\",\"url\":\"/teas\",\"status\":\"201\",\"responseTime\":\"1.323\"}","timestamp":"2025-01-20T10:26:14.459Z"}
{"level":"\u001b[32minfo\u001b[39m","message":"{\"method\":\"GET\",\"url\":\"/teas/1\",\"status\":\"404\",\"responseTime\":\"0.605\"}","timestamp":"2025-01-20T10:26:18.015Z"}
{"level":"\u001b[32minfo\u001b[39m","message":"{\"method\":\"GET\",\"url\":\"/teas\",\"status\":\"200\",\"responseTime\":\"0.571\"}","timestamp":"2025-01-20T10:27:04.461Z"}
{"level":"\u001b[32minfo\u001b[39m","message":"{\"method\":\"DELETE\",\"url\":\"/teas/1\",\"status\":\"404\",\"responseTime\":\"0.620\"}","timestamp":"2025-01-20T10:27:07.549Z"}
{"level":"\u001b[32minfo\u001b[39m","message":"{\"method\":\"PUT\",\"url\":\"/teas/1\",\"status\":\"200\",\"responseTime\":\"0.387\"}","timestamp":"2025-01-20T10:27:27.416Z"}
{"level":"\u001b[32minfo\u001b[39m","message":"{\"method\":\"PUT\",\"url\":\"/teas/1\",\"status\":\"200\",\"responseTime\":\"0.246\"}","timestamp":"2025-01-20T10:27:28.785Z"}
{"level":"\u001b[32minfo\u001b[39m","message":"{\"method\":\"PUT\",\"url\":\"/teas/1\",\"status\":\"200\",\"responseTime\":\"0.238\"}","timestamp":"2025-01-20T10:27:32.829Z"}
{"level":"\u001b[32minfo\u001b[39m","message":"{\"method\":\"POST\",\"url\":\"/teas\",\"status\":\"201\",\"responseTime\":\"1.753\"}","timestamp":"2025-01-20T10:27:53.886Z"}
{"level":"\u001b[32minfo\u001b[39m","message":"{\"method\":\"DELETE\",\"url\":\"/teas/1\",\"status\":\"500\",\"responseTime\":\"1.832\"}","timestamp":"2025-01-20T10:27:57.128Z"}
{"level":"\u001b[32minfo\u001b[39m","message":"{\"method\":\"GET\",\"url\":\"/teas\",\"status\":\"200\",\"responseTime\":\"0.585\"}","timestamp":"2025-01-20T10:28:04.993Z"}
{"level":"\u001b[32minfo\u001b[39m","message":"{\"method\":\"PUT\",\"url\":\"/teas/1\",\"status\":\"200\",\"responseTime\":\"0.367\"}","timestamp":"2025-01-20T10:28:08.180Z"}
{"level":"\u001b[32minfo\u001b[39m","message":"{\"method\":\"DELETE\",\"url\":\"/teas/1\",\"status\":\"500\",\"responseTime\":\"0.451\"}","timestamp":"2025-01-20T10:28:15.921Z"}
{"level":"\u001b[32minfo\u001b[39m","message":"{\"method\":\"DELETE\",\"url\":\"/teas/1\",\"status\":\"500\",\"responseTime\":\"0.564\"}","timestamp":"2025-01-20T10:28:17.350Z"}
{"level":"\u001b[32minfo\u001b[39m","message":"{\"method\":\"POST\",\"url\":\"/teas\",\"status\":\"201\",\"responseTime\":\"1.779\"}","timestamp":"2025-01-20T10:28:54.437Z"}
{"level":"\u001b[32minfo\u001b[39m","message":"{\"method\":\"DELETE\",\"url\":\"/teas/1\",\"status\":\"404\",\"responseTime\":\"0.782\"}","timestamp":"2025-01-20T10:28:57.767Z"}
{"level":"\u001b[32minfo\u001b[39m","message":"{\"method\":\"POST\",\"url\":\"/teas\",\"status\":\"201\",\"responseTime\":\"1.798\"}","timestamp":"2025-01-20T10:29:29.949Z"}
{"level":"\u001b[32minfo\u001b[39m","message":"{\"method\":\"DELETE\",\"url\":\"/teas/1\",\"status\":\"404\",\"responseTime\":\"0.665\"}","timestamp":"2025-01-20T10:29:32.859Z"}
{"level":"\u001b[32minfo\u001b[39m","message":"{\"method\":\"POST\",\"url\":\"/teas\",\"status\":\"201\",\"responseTime\":\"1.823\"}","timestamp":"2025-01-20T10:30:18.643Z"}
{"level":"\u001b[32minfo\u001b[39m","message":"{\"method\":\"DELETE\",\"url\":\"/teas/1\",\"status\":\"204\",\"responseTime\":\"0.784\"}","timestamp":"2025-01-20T10:30:21.709Z"}
{"level":"\u001b[32minfo\u001b[39m","message":"{\"method\":\"GET\",\"url\":\"/teas\",\"status\":\"200\",\"responseTime\":\"0.478\"}","timestamp":"2025-01-20T10:30:31.068Z"}
{"level":"\u001b[32minfo\u001b[39m","message":"{\"method\":\"PUT\",\"url\":\"/teas/1\",\"status\":\"404\",\"responseTime\":\"0.311\"}","timestamp":"2025-01-20T10:30:33.885Z"}
{"level":"\u001b[32minfo\u001b[39m","message":"A post request was made to a new tea","timestamp":"2025-01-20T10:31:34.544Z"}
{"level":"\u001b[32minfo\u001b[39m","message":"{\"method\":\"POST\",\"url\":\"/teas\",\"status\":\"201\",\"responseTime\":\"4.883\"}","timestamp":"2025-01-20T10:31:34.550Z"}
{"level":"\u001b[32minfo\u001b[39m","message":"A post request was made to a new tea","timestamp":"2025-01-20T10:32:54.992Z"}
{"level":"\u001b[32minfo\u001b[39m","message":"{\"method\":\"POST\",\"url\":\"/teas\",\"status\":\"201\",\"responseTime\":\"5.102\"}","timestamp":"2025-01-20T10:32:54.998Z"}
{"level":"\u001b[33mwarn\u001b[39m","message":"A delete request was made to a new tea","timestamp":"2025-01-20T10:33:00.737Z"}
{"level":"\u001b[32minfo\u001b[39m","message":"{\"method\":\"DELETE\",\"url\":\"/teas/1\",\"status\":\"204\",\"responseTime\":\"1.579\"}","timestamp":"2025-01-20T10:33:00.739Z"}
